1. [GET] https://staysinmarrakech.netlify.app/ => [200] 
2. [GET] https://staysinmarrakech.netlify.app/api/hero-slides => [FAILED] net::ERR_ABORTED
3. [GET] https://staysinmarrakech.netlify.app/api/services => [FAILED] net::ERR_ABORTED
4. [GET] https://staysinmarrakech.netlify.app/api/properties?limit=6 => [FAILED] net::ERR_ABORTED
5. [GET] https://staysinmarrakech.netlify.app/api/locations => [FAILED] net::ERR_ABORTED
6. [GET] https://staysinmarrakech.netlify.app/api/blog => [FAILED] net::ERR_ABORTED
7. [GET] https://staysinmarrakech.netlify.app/api/services => [FAILED] net::ERR_ABORTED
8. [GET] https://staysinmarrakech.netlify.app/_next/static/media/c825fd02acae0153-s.p.1q3-y3vmyf3p6.woff2 => [200] 
9. [GET] https://staysinmarrakech.netlify.app/_next/static/media/c9f6ebf08ddd616b-s.p.0sv86lbjkn8rn.woff2 => [200] 
10. [GET] https://staysinmarrakech.netlify.app/_next/image?url=%2Fimages%2Flogo.png&w=256&q=75 => [304] 
11. [GET] https://staysinmarrakech.netlify.app/_next/static/chunks/02pe8p93kpxrq.css => [200] 
12. [GET] https://staysinmarrakech.netlify.app/_next/static/chunks/39443jqqfaywb.css => [200] 
13. [GET] https://staysinmarrakech.netlify.app/_next/static/chunks/2zjueh7t2vecu.js => [200] 
14. [GET] https://staysinmarrakech.netlify.app/_next/static/chunks/3sn7tdzleu1ki.js => [200] 
15. [GET] https://staysinmarrakech.netlify.app/_next/static/chunks/3peubv2924kx4.js => [200] 
16. [GET] https://staysinmarrakech.netlify.app/_next/static/chunks/2oh5rha75m2ak.js => [200] 
17. [GET] https://staysinmarrakech.netlify.app/_next/static/chunks/27jktro2p5rq9.js => [200] 
18. [GET] https://staysinmarrakech.netlify.app/_next/static/chunks/turbopack-0ne3ujv3rxvyf.js => [200] 
19. [GET] https://staysinmarrakech.netlify.app/_next/static/chunks/34c5jx54ss_qh.js => [200] 
20. [GET] https://staysinmarrakech.netlify.app/_next/static/chunks/0nuhp7jw3m346.js => [200] 
21. [GET] https://staysinmarrakech.netlify.app/_next/static/chunks/14mrh2-p_w84d.js => [200] 
22. [GET] https://staysinmarrakech.netlify.app/_next/static/chunks/21kp73eybkeud.js => [200] 
23. [GET] https://staysinmarrakech.netlify.app/_next/static/chunks/3xyt402c62511.js => [200] 
24. [GET] https://staysinmarrakech.netlify.app/_next/static/chunks/3i9e__lxj94lh.js => [200] 
25. [GET] https://staysinmarrakech.netlify.app/_next/static/chunks/34rsekonrn85o.js => [200] 
26. [GET] https://staysinmarrakech.netlify.app/_next/static/chunks/2fai0fbemmn6v.js => [200] 
27. [GET] https://staysinmarrakech.netlify.app/_next/image?url=%2Fimages%2Fsections%2Flocation-villa-marrakech.webp&w=828&q=75 => [304] 
28. [GET] https://staysinmarrakech.netlify.app/_next/image?url=%2Fimages%2Fsections%2Fcourte-duree.webp&w=640&q=75 => [304] 
29. [GET] https://staysinmarrakech.netlify.app/api/settings => [200] 
30. [GET] https://staysinmarrakech.netlify.app/api/services => [200] 
31. [GET] https://staysinmarrakech.netlify.app/api/hero-slides => [200] 
32. [GET] https://staysinmarrakech.netlify.app/api/properties?limit=6 => [500] 
33. [GET] https://staysinmarrakech.netlify.app/api/locations => [200] 
34. [GET] https://staysinmarrakech.netlify.app/api/services => [200] 
35. [GET] https://staysinmarrakech.netlify.app/api/blog => [200] 
36. [GET] https://staysinmarrakech.netlify.app/api/testimonials => [200] 
37. [GET] https://staysinmarrakech.netlify.app/api/services => [200] 
38. [GET] https://staysinmarrakech.netlify.app/_next/image?url=%2Fuploads%2Fhero-1.webp&w=828&q=75 => [200] 
39. [GET] https://staysinmarrakech.netlify.app/_next/image?url=%2Fuploads%2Fhero-2.webp&w=828&q=75 => [200] 
40. [GET] https://staysinmarrakech.netlify.app/_next/image?url=%2Fuploads%2Fhero-3.webp&w=828&q=75 => [200] 
41. [GET] https://staysinmarrakech.netlify.app/?_rsc=7h4NYy5eoyMcNlUN => [200] 
42. [GET] https://staysinmarrakech.netlify.app/?_rsc=yIp22O3xgPPxC28X => [200] 
43. [GET] https://staysinmarrakech.netlify.app/?_rsc=8nTjltbQWvg6NcbE => [200] 